TN:
SF:/home/runner/work/SportAppsFront/SportAppsFront/src/polyfills.ts
FNF:0
FNH:0
LF:0
LH:0
BRF:0
BRH:0
end_of_record
TN:
SF:/home/runner/work/SportAppsFront/SportAppsFront/src/test.ts
FNF:0
FNH:0
DA:13,1
DA:18,1
DA:20,1
LF:3
LH:3
BRF:0
BRH:0
end_of_record
TN:
SF:/home/runner/work/SportAppsFront/SportAppsFront/src/app/health/shared/services/auth-strava.service.ts
FN:8,(anonymous_0)
FN:15,AuthStravaService
FN:23,(anonymous_2)
FN:27,(anonymous_3)
FN:33,(anonymous_4)
FN:39,(anonymous_5)
FNF:6
FNH:2
FNDA:1,(anonymous_0)
FNDA:1,AuthStravaService
FNDA:0,(anonymous_2)
FNDA:0,(anonymous_3)
FNDA:0,(anonymous_4)
FNDA:0,(anonymous_5)
DA:8,1
DA:9,1
DA:10,1
DA:12,1
DA:13,1
DA:17,1
DA:18,1
DA:19,0
DA:23,1
DA:24,0
DA:27,1
DA:28,0
DA:29,0
DA:30,0
DA:33,1
DA:34,0
DA:35,0
DA:36,0
DA:39,1
DA:40,0
DA:42,1
LF:21
LH:12
BRDA:18,0,0,0
BRDA:18,0,1,1
BRF:2
BRH:1
end_of_record
TN:
SF:/home/runner/work/SportAppsFront/SportAppsFront/src/app/health/shared/services/strava.service.ts
FN:13,(anonymous_0)
FN:16,StravaService
FN:20,(anonymous_2)
FN:28,(anonymous_3)
FN:35,(anonymous_4)
FN:39,(anonymous_5)
FN:43,(anonymous_6)
FN:48,(anonymous_7)
FN:64,(anonymous_8)
FN:60,(anonymous_9)
FNF:10
FNH:2
FNDA:1,(anonymous_0)
FNDA:1,StravaService
FNDA:0,(anonymous_2)
FNDA:0,(anonymous_3)
FNDA:0,(anonymous_4)
FNDA:0,(anonymous_5)
FNDA:0,(anonymous_6)
FNDA:0,(anonymous_7)
FNDA:0,(anonymous_8)
FNDA:0,(anonymous_9)
DA:13,1
DA:14,1
DA:17,1
DA:20,1
DA:21,0
DA:22,0
DA:23,0
DA:28,1
DA:29,0
DA:30,0
DA:35,1
DA:36,0
DA:39,1
DA:40,0
DA:43,1
DA:44,0
DA:48,1
DA:49,0
DA:50,0
DA:52,0
DA:56,0
DA:60,1
DA:61,0
DA:65,0
DA:68,1
LF:25
LH:11
BRDA:20,0,0,0
BRDA:20,0,1,0
BRDA:49,1,0,0
BRDA:49,1,1,0
BRF:4
BRH:0
end_of_record
TN:
SF:/home/runner/work/SportAppsFront/SportAppsFront/src/app/web/web.component.ts
FN:8,(anonymous_0)
FN:10,WebComponent
FN:12,(anonymous_2)
FNF:3
FNH:3
FNDA:1,(anonymous_0)
FNDA:1,WebComponent
FNDA:1,(anonymous_2)
DA:8,1
DA:12,1
DA:15,1
LF:3
LH:3
BRF:0
BRH:0
end_of_record
TN:
SF:/home/runner/work/SportAppsFront/SportAppsFront/src/environments/environment.ts
FNF:0
FNH:0
DA:5,1
LF:1
LH:1
BRF:0
BRH:0
end_of_record
